<?xml version="1.0" encoding="UTF-8"?>
<!-- Generated by org.testng.reporters.JUnitReportReporter -->
<testsuite hostname="DESKTOP-F824HV7" failures="0" tests="1" name="API_GET_Request" time="6.998" errors="0" timestamp="2021-12-05T22:05:09 ICT" skipped="0">
  <testcase classname="API_GET_Request" name="getListUserReqRes" time="6.998"/>
  <system-out/>
</testsuite> <!-- API_GET_Request -->
